[Tue, 16 Jul 2013 05:45:50 GMT] INFO Server starting with config: {
  "environment": "production",
  "workers": 2,
  "port": 4000,
  "spdy": null,
  "ssl": null,
  "flash": {
    "defaultClass": "alert",
    "inlineClasses": {
      "success": "alert alert-success",
      "alert": "alert",
      "error": "alert alert-error",
      "info": "alert alert-info"
    },
    "blockClasses": {
      "success": "alert alert-block alert-success",
      "alert": "alert alert-block",
      "error": "alert alert-block alert-error",
      "info": "alert alert-block alert-info"
    }
  },
  "debug": false,
  "rotateWorkers": true,
  "rotationWindow": 7200000,
  "rotationTimeout": 300000,
  "logDir": "/Users/paullyvenne/Documents/nodejs/g1/log",
  "gracefulShutdownTimeout": 30000,
  "heartbeatInterval": 5000,
  "heartbeatWindow": 20000,
  "staticFilePath": "/Users/paullyvenne/Documents/nodejs/g1/public",
  "cacheControl": {
    "expires": {
      "default": 0
    }
  },
  "sessions": {
    "store": "cookie",
    "key": "sid",
    "expiry": 1209600
  },
  "cookieSessionKey": "sdata",
  "i18n": {
    "defaultLocale": "en-us",
    "loadPaths": [
      "/Users/paullyvenne/Documents/nodejs/g1/config/locales"
    ]
  },
  "hostname": null,
  "fullHostname": null,
  "connectCompatibility": false,
  "detailedErrors": false,
  "model": {
    "defaultAdapter": "mongo"
  },
  "db": {
    "mongo": {
      "username": null,
      "dbname": "production",
      "prefix": null,
      "password": null,
      "host": "localhost",
      "port": 27017
    }
  }
}
[Tue, 16 Jul 2013 05:45:50 GMT] INFO Creating 2 worker processes.
[Tue, 16 Jul 2013 05:45:51 GMT] INFO Server worker running in production on port 4000 with a PID of: 65588
[Tue, 16 Jul 2013 05:45:51 GMT] INFO Server worker running in production on port 4000 with a PID of: 65587
