[Tue, 16 Jul 2013 05:48:43 GMT] INFO Server starting with config: {
  "environment": "development",
  "workers": 1,
  "port": 4000,
  "spdy": null,
  "ssl": null,
  "flash": {
    "defaultClass": "alert",
    "inlineClasses": {
      "success": "alert alert-success",
      "alert": "alert",
      "error": "alert alert-error",
      "info": "alert alert-info"
    },
    "blockClasses": {
      "success": "alert alert-block alert-success",
      "alert": "alert alert-block",
      "error": "alert alert-block alert-error",
      "info": "alert alert-block alert-info"
    }
  },
  "debug": true,
  "rotateWorkers": false,
  "rotationWindow": 7200000,
  "rotationTimeout": 300000,
  "logDir": "/Users/paullyvenne/Documents/nodejs/g1/log",
  "gracefulShutdownTimeout": 30000,
  "heartbeatInterval": 5000,
  "heartbeatWindow": 20000,
  "staticFilePath": "/Users/paullyvenne/Documents/nodejs/g1/public",
  "cacheControl": {
    "expires": {
      "default": 0
    }
  },
  "sessions": {
    "store": "memory",
    "key": "sid",
    "expiry": 1209600
  },
  "cookieSessionKey": "sdata",
  "i18n": {
    "defaultLocale": "en-us",
    "loadPaths": [
      "/Users/paullyvenne/Documents/nodejs/g1/config/locales"
    ]
  },
  "hostname": null,
  "fullHostname": null,
  "connectCompatibility": false,
  "detailedErrors": true,
  "model": {
    "defaultAdapter": "memory"
  }
}
[Tue, 16 Jul 2013 05:48:43 GMT] INFO Creating 1 worker process.
[Tue, 16 Jul 2013 05:48:43 GMT] INFO Server worker running in development on port 4000 with a PID of: 65666
